This is pdfTeX, Version 3.14159265-2.6-1.40.20 (MiKTeX 2.9.7140 64-bit) (preloaded format=pdflatex 2019.8.16)  29 SEP 2019 14:45
entering extended mode
**./booklist.tex
(booklist.tex
LaTeX2e <2018-12-01>

("C:\Users\Matthew\AppData\Local\Programs\MiKTeX 2.9\tex/latex/tufte-latex\tuft
e-handout.cls"
Document Class: tufte-handout 2015/06/21 v3.5.2 Tufte-handout class

("C:\Users\Matthew\AppData\Local\Programs\MiKTeX 2.9\tex/latex/tufte-latex\tuft
e-common.def"
File: tufte-common.def 2015/06/21 v3.5.2 Common code for the Tufte-LaTeX styles


("C:\Users\Matthew\AppData\Local\Programs\MiKTeX 2.9\tex/latex/xkeyval\xkeyval.
sty"
Package: xkeyval 2014/12/03 v2.7a package option processing (HA)

("C:\Users\Matthew\AppData\Local\Programs\MiKTeX 2.9\tex/generic/xkeyval\xkeyva
l.tex"
("C:\Users\Matthew\AppData\Local\Programs\MiKTeX 2.9\tex/generic/xkeyval\xkvuti
ls.tex"
\XKV@toks=\toks14
\XKV@tempa@toks=\toks15

("C:\Users\Matthew\AppData\Local\Programs\MiKTeX 2.9\tex/generic/xkeyval\keyval
.tex"))
\XKV@depth=\count80
File: xkeyval.tex 2014/12/03 v2.7a key=value parser (HA)
))
("C:\Users\Matthew\AppData\Local\Programs\MiKTeX 2.9\tex/latex/xifthen\xifthen.
sty"
Package: xifthen 2015/11/05 v1.4.0 Extended ifthen features

("C:\Users\Matthew\AppData\Local\Programs\MiKTeX 2.9\tex/latex/tools\calc.sty"
Package: calc 2017/05/25 v4.3 Infix arithmetic (KKT,FJ)
\calc@Acount=\count81
\calc@Bcount=\count82
\calc@Adimen=\dimen102
\calc@Bdimen=\dimen103
\calc@Askip=\skip41
\calc@Bskip=\skip42
LaTeX Info: Redefining \setlength on input line 80.
LaTeX Info: Redefining \addtolength on input line 81.
\calc@Ccount=\count83
\calc@Cskip=\skip43
) ("C:\Users\Matthew\AppData\Local\Programs\MiKTeX 2.9\tex/latex/base\ifthen.st
y"
Package: ifthen 2014/09/29 v1.1c Standard LaTeX ifthen package (DPC)
)
("C:\Users\Matthew\AppData\Local\Programs\MiKTeX 2.9\tex/latex/ifmtarg\ifmtarg.
sty"
Package: ifmtarg 2018/04/16 v1.2b check for an empty argument
))
("C:\Users\Matthew\AppData\Local\Programs\MiKTeX 2.9\tex/latex/hardwrap\hardwra
p.sty"
Package: hardwrap 2011/02/12 v0.2 Hard wrap messages

("C:\Users\Matthew\AppData\Local\Programs\MiKTeX 2.9\tex/latex/ifplatform\ifpla
tform.sty"
Package: ifplatform 2017/10/13 v0.4a Testing for the operating system

("C:\Users\Matthew\AppData\Local\Programs\MiKTeX 2.9\tex/latex/tools\shellesc.s
ty"
Package: shellesc 2016/06/07 v0.02a unified shell escape interface for LaTeX
Package shellesc Info: Restricted shell escape enabled on input line 69.
)
("C:\Users\Matthew\AppData\Local\Programs\MiKTeX 2.9\tex/generic/oberdiek\pdfte
xcmds.sty"
Package: pdftexcmds 2019/07/25 v0.30 Utility functions of pdfTeX for LuaTeX (HO
)

("C:\Users\Matthew\AppData\Local\Programs\MiKTeX 2.9\tex/generic/oberdiek\infwa
rerr.sty"
Package: infwarerr 2016/05/16 v1.4 Providing info/warning/error messages (HO)
)
("C:\Users\Matthew\AppData\Local\Programs\MiKTeX 2.9\tex/generic/oberdiek\iflua
tex.sty"
Package: ifluatex 2016/05/16 v1.4 Provides the ifluatex switch (HO)
Package ifluatex Info: LuaTeX not detected.
)
("C:\Users\Matthew\AppData\Local\Programs\MiKTeX 2.9\tex/generic/oberdiek\ltxcm
ds.sty"
Package: ltxcmds 2016/05/16 v1.23 LaTeX kernel commands for general use (HO)
)
("C:\Users\Matthew\AppData\Local\Programs\MiKTeX 2.9\tex/generic/oberdiek\ifpdf
.sty"
Package: ifpdf 2018/09/07 v3.3 Provides the ifpdf switch
)
Package pdftexcmds Info: LuaTeX not detected.
Package pdftexcmds Info: \pdf@primitive is available.
Package pdftexcmds Info: \pdf@ifprimitive is available.
Package pdftexcmds Info: \pdfdraftmode found.
)
("C:\Users\Matthew\AppData\Local\Programs\MiKTeX 2.9\tex/generic/oberdiek\catch
file.sty"
Package: catchfile 2016/05/16 v1.7 Catch the contents of a file (HO)

("C:\Users\Matthew\AppData\Local\Programs\MiKTeX 2.9\tex/generic/oberdiek\etexc
mds.sty"
Package: etexcmds 2016/05/16 v1.6 Avoid name clashes with e-TeX commands (HO)
))

Package ifplatform Warning: 
    shell escape is disabled, so I can only detect \ifwindows.

)
("C:\Users\Matthew\AppData\Local\Programs\MiKTeX 2.9\tex/generic/ifxetex\ifxete
x.sty"
Package: ifxetex 2010/09/12 v0.6 Provides ifxetex conditional
)
\hw@charcount=\count84
\hw@wordcount=\count85
\hw@maxprintline=\count86
)
Class tufte-handout Info: Loading the base class `article'

("C:\Users\Matthew\AppData\Local\Programs\MiKTeX 2.9\tex/latex/base\article.cls
"
Document Class: article 2018/09/03 v1.4i Standard LaTeX document class
("C:\Users\Matthew\AppData\Local\Programs\MiKTeX 2.9\tex/latex/base\size10.clo"
File: size10.clo 2018/09/03 v1.4i Standard LaTeX file (size option)
)
\c@part=\count87
\c@section=\count88
\c@subsection=\count89
\c@subsubsection=\count90
\c@paragraph=\count91
\c@subparagraph=\count92
\c@figure=\count93
\c@table=\count94
\abovecaptionskip=\skip44
\belowcaptionskip=\skip45
\bibindent=\dimen104
)
("C:\Users\Matthew\AppData\Local\Programs\MiKTeX 2.9\tex/latex/titlesec\titlese
c.sty"
Package: titlesec 2019/07/16 v2.11 Sectioning titles
\ttl@box=\box27
\beforetitleunit=\skip46
\aftertitleunit=\skip47
\ttl@plus=\dimen105
\ttl@minus=\dimen106
\ttl@toksa=\toks16
\titlewidth=\dimen107
\titlewidthlast=\dimen108
\titlewidthfirst=\dimen109
)
("C:\Users\Matthew\AppData\Local\Programs\MiKTeX 2.9\tex/latex/titlesec\titleto
c.sty"
Package: titletoc 2019/07/16 v2.11 TOC entries
\ttl@leftsep=\dimen110
)
("C:\Users\Matthew\AppData\Local\Programs\MiKTeX 2.9\tex/latex/hyperref\hyperre
f.sty"
Package: hyperref 2019/06/12 v6.88h Hypertext links for LaTeX

("C:\Users\Matthew\AppData\Local\Programs\MiKTeX 2.9\tex/generic/oberdiek\hobsu
b-hyperref.sty"
Package: hobsub-hyperref 2016/05/16 v1.14 Bundle oberdiek, subset hyperref (HO)


("C:\Users\Matthew\AppData\Local\Programs\MiKTeX 2.9\tex/generic/oberdiek\hobsu
b-generic.sty"
Package: hobsub-generic 2016/05/16 v1.14 Bundle oberdiek, subset generic (HO)
Package: hobsub 2016/05/16 v1.14 Construct package bundles (HO)
Package hobsub Info: Skipping package `infwarerr' (already loaded).
Package hobsub Info: Skipping package `ltxcmds' (already loaded).
Package hobsub Info: Skipping package `ifluatex' (already loaded).
Package: ifvtex 2016/05/16 v1.6 Detect VTeX and its facilities (HO)
Package ifvtex Info: VTeX not detected.
Package: intcalc 2016/05/16 v1.2 Expandable calculations with integers (HO)
Package hobsub Info: Skipping package `ifpdf' (already loaded).
Package hobsub Info: Skipping package `etexcmds' (already loaded).
Package: kvsetkeys 2016/05/16 v1.17 Key value parser (HO)
Package: kvdefinekeys 2016/05/16 v1.4 Define keys (HO)
Package hobsub Info: Skipping package `pdftexcmds' (already loaded).
Package: pdfescape 2016/05/16 v1.14 Implements pdfTeX's escape features (HO)
Package: bigintcalc 2016/05/16 v1.4 Expandable calculations on big integers (HO
)
Package: bitset 2016/05/16 v1.2 Handle bit-vector datatype (HO)
Package: uniquecounter 2016/05/16 v1.3 Provide unlimited unique counter (HO)
)
Package hobsub Info: Skipping package `hobsub' (already loaded).
Package: letltxmacro 2016/05/16 v1.5 Let assignment for LaTeX macros (HO)
Package: hopatch 2016/05/16 v1.3 Wrapper for package hooks (HO)
Package: xcolor-patch 2016/05/16 xcolor patch
Package: atveryend 2016/05/16 v1.9 Hooks at the very end of document (HO)
Package atveryend Info: \enddocument detected (standard20110627).
Package: atbegshi 2016/06/09 v1.18 At begin shipout hook (HO)
Package: refcount 2016/05/16 v3.5 Data extraction from label references (HO)
Package: hycolor 2016/05/16 v1.8 Color options for hyperref/bookmark (HO)
)
("C:\Users\Matthew\AppData\Local\Programs\MiKTeX 2.9\tex/latex/oberdiek\auxhook
.sty"
Package: auxhook 2016/05/16 v1.4 Hooks for auxiliary files (HO)
)
("C:\Users\Matthew\AppData\Local\Programs\MiKTeX 2.9\tex/latex/oberdiek\kvoptio
ns.sty"
Package: kvoptions 2016/05/16 v3.12 Key value format for package options (HO)
)
\@linkdim=\dimen111
\Hy@linkcounter=\count95
\Hy@pagecounter=\count96

("C:\Users\Matthew\AppData\Local\Programs\MiKTeX 2.9\tex/latex/hyperref\pd1enc.
def"
File: pd1enc.def 2019/06/12 v6.88h Hyperref: PDFDocEncoding definition (HO)
Now handling font encoding PD1 ...
... no UTF-8 mapping file for font encoding PD1
)
\Hy@SavedSpaceFactor=\count97

("C:\Users\Matthew\AppData\Local\Programs\MiKTeX 2.9\tex/latex/00miktex\hyperre
f.cfg"
File: hyperref.cfg 2002/06/06 v1.2 hyperref configuration of TeXLive
)
Package hyperref Info: Option `unicode' set `true' on input line 4424.

("C:\Users\Matthew\AppData\Local\Programs\MiKTeX 2.9\tex/latex/hyperref\puenc.d
ef"
File: puenc.def 2019/06/12 v6.88h Hyperref: PDF Unicode definition (HO)
Now handling font encoding PU ...
... no UTF-8 mapping file for font encoding PU
)
Package hyperref Info: Option `hyperfootnotes' set `false' on input line 4424.
Package hyperref Info: Hyper figures OFF on input line 4550.
Package hyperref Info: Link nesting OFF on input line 4555.
Package hyperref Info: Hyper index ON on input line 4558.
Package hyperref Info: Plain pages OFF on input line 4565.
Package hyperref Info: Backreferencing OFF on input line 4570.
Package hyperref Info: Implicit mode ON; LaTeX internals redefined.
Package hyperref Info: Bookmarks ON on input line 4803.
\c@Hy@tempcnt=\count98
 ("C:\Users\Matthew\AppData\Local\Programs\MiKTeX 2.9\tex/latex/url\url.sty"
\Urlmuskip=\muskip10
Package: url 2013/09/16  ver 3.4  Verb mode for urls, etc.
)
LaTeX Info: Redefining \url on input line 5156.
\XeTeXLinkMargin=\dimen112
\Fld@menulength=\count99
\Field@Width=\dimen113
\Fld@charsize=\dimen114
Package hyperref Info: Hyper figures OFF on input line 6411.
Package hyperref Info: Link nesting OFF on input line 6416.
Package hyperref Info: Hyper index ON on input line 6419.
Package hyperref Info: backreferencing OFF on input line 6426.
Package hyperref Info: Link coloring OFF on input line 6431.
Package hyperref Info: Link coloring with OCG OFF on input line 6436.
Package hyperref Info: PDF/A mode OFF on input line 6441.
LaTeX Info: Redefining \ref on input line 6481.
LaTeX Info: Redefining \pageref on input line 6485.
\Hy@abspage=\count100
\c@Item=\count101
)
Package hyperref Info: Driver (autodetected): hpdftex.

("C:\Users\Matthew\AppData\Local\Programs\MiKTeX 2.9\tex/latex/hyperref\hpdftex
.def"
File: hpdftex.def 2019/06/12 v6.88h Hyperref driver for pdfTeX
\Fld@listcount=\count102
\c@bookmark@seq@number=\count103

("C:\Users\Matthew\AppData\Local\Programs\MiKTeX 2.9\tex/latex/oberdiek\rerunfi
lecheck.sty"
Package: rerunfilecheck 2016/05/16 v1.8 Rerun checks for auxiliary files (HO)
Package uniquecounter Info: New unique counter `rerunfilecheck' on input line 2
82.
)
\Hy@SectionHShift=\skip48
)
("C:\Users\Matthew\AppData\Local\Programs\MiKTeX 2.9\tex/latex/ragged2e\ragged2
e.sty"
Package: ragged2e 2019/07/28 v2.2 ragged2e Package (MS)

("C:\Users\Matthew\AppData\Local\Programs\MiKTeX 2.9\tex/latex/ms\everysel.sty"
Package: everysel 2011/10/28 v1.2 EverySelectfont Package (MS)
)
\CenteringLeftskip=\skip49
\RaggedLeftLeftskip=\skip50
\RaggedRightLeftskip=\skip51
\CenteringRightskip=\skip52
\RaggedLeftRightskip=\skip53
\RaggedRightRightskip=\skip54
\CenteringParfillskip=\skip55
\RaggedLeftParfillskip=\skip56
\RaggedRightParfillskip=\skip57
\JustifyingParfillskip=\skip58
\CenteringParindent=\skip59
\RaggedLeftParindent=\skip60
\RaggedRightParindent=\skip61
\JustifyingParindent=\skip62
)
("C:\Users\Matthew\AppData\Local\Programs\MiKTeX 2.9\tex/latex/geometry\geometr
y.sty"
Package: geometry 2018/04/16 v5.8 Page Geometry
\Gm@cnth=\count104
\Gm@cntv=\count105
\c@Gm@tempcnt=\count106
\Gm@bindingoffset=\dimen115
\Gm@wd@mp=\dimen116
\Gm@odd@mp=\dimen117
\Gm@even@mp=\dimen118
\Gm@layoutwidth=\dimen119
\Gm@layoutheight=\dimen120
\Gm@layouthoffset=\dimen121
\Gm@layoutvoffset=\dimen122
\Gm@dimlist=\toks17

("C:\Users\Matthew\AppData\Local\Programs\MiKTeX 2.9\tex/latex/geometry\geometr
y.cfg"))
("C:\Users\Matthew\AppData\Local\Programs\MiKTeX 2.9\tex/latex/changepage\chang
epage.sty"
Package: changepage 2009/10/20 v1.0c check page and change page layout
\c@cp@cntr=\count107
\cp@tempcnt=\count108
)
\@tufte@overhang=\skip63
\@tufte@fullwidth=\skip64
\@tufte@caption@fill=\skip65

("C:\Users\Matthew\AppData\Local\Programs\MiKTeX 2.9\tex/latex/paralist\paralis
t.sty"
Package: paralist 2017/01/22 v2.7 Extended list environments
\pltopsep=\skip66
\plpartopsep=\skip67
\plitemsep=\skip68
\plparsep=\skip69
\pl@lab=\toks18
)
("C:\Users\Matthew\AppData\Local\Programs\MiKTeX 2.9\tex/latex/textcase\textcas
e.sty"
Package: textcase 2004/10/07 v0.07 Text only upper/lower case changing (DPC)
)
("C:\Users\Matthew\AppData\Local\Programs\MiKTeX 2.9\tex/latex/microtype\letter
space.sty"
Package: letterspace 2019/02/28 v2.7b Robust letterspacing (RS)
LaTeX Info: Redefining \lsstyle on input line 345.
LaTeX Info: Redefining \lslig on input line 346.
LaTeX Info: Redefining \textls on input line 371.
\MT@outer@kern=\dimen123
)
("C:\Users\Matthew\AppData\Local\Programs\MiKTeX 2.9\tex/latex/setspace\setspac
e.sty"
Package: setspace 2011/12/19 v6.7a set line spacing
)
("C:\Users\Matthew\AppData\Local\Programs\MiKTeX 2.9\tex/latex/xcolor\xcolor.st
y"
Package: xcolor 2016/05/11 v2.12 LaTeX color extensions (UK)

("C:\Users\Matthew\AppData\Local\Programs\MiKTeX 2.9\tex/latex/graphics-cfg\col
or.cfg"
File: color.cfg 2016/01/02 v1.6 sample color configuration
)
Package xcolor Info: Package option `usenames' ignored on input line 216.
Package xcolor Info: Driver file: pdftex.def on input line 225.

("C:\Users\Matthew\AppData\Local\Programs\MiKTeX 2.9\tex/latex/graphics-def\pdf
tex.def"
File: pdftex.def 2018/01/08 v1.0l Graphics/color driver for pdftex
)
Package xcolor Info: Model `cmy' substituted by `cmy0' on input line 1348.
Package xcolor Info: Model `hsb' substituted by `rgb' on input line 1352.
Package xcolor Info: Model `RGB' extended on input line 1364.
Package xcolor Info: Model `HTML' substituted by `rgb' on input line 1366.
Package xcolor Info: Model `Hsb' substituted by `hsb' on input line 1367.
Package xcolor Info: Model `tHsb' substituted by `hsb' on input line 1368.
Package xcolor Info: Model `HSB' substituted by `hsb' on input line 1369.
Package xcolor Info: Model `Gray' substituted by `gray' on input line 1370.
Package xcolor Info: Model `wave' substituted by `hsb' on input line 1371.

("C:\Users\Matthew\AppData\Local\Programs\MiKTeX 2.9\tex/latex/graphics\dvipsna
m.def"
File: dvipsnam.def 2016/06/17 v3.0m Driver-dependent file (DPC,SPQR)
)
("C:\Users\Matthew\AppData\Local\Programs\MiKTeX 2.9\tex/latex/xcolor\svgnam.de
f"
File: svgnam.def 2016/05/11 v2.12 Predefined colors according to SVG 1.1 (UK)
))
("C:\Users\Matthew\AppData\Local\Programs\MiKTeX 2.9\tex/latex/natbib\natbib.st
y"
Package: natbib 2010/09/13 8.31b (PWD, AO)
\bibhang=\skip70
\bibsep=\skip71
LaTeX Info: Redefining \cite on input line 694.
\c@NAT@ctr=\count109
)
("C:\Users\Matthew\AppData\Local\Programs\MiKTeX 2.9\tex/latex/natbib\bibentry.
sty"
Package: bibentry 2007/10/30 1.5 (PWD)
)
No file booklist.bbl.
\c@@tufte@num@bibkeys=\count110

("C:\Users\Matthew\AppData\Local\Programs\MiKTeX 2.9\tex/latex/sauerj\optparams
.sty"
Package: optparams 2004/08/14 v0.9 multiple optional parameters in macros
)
\@tufte@sidenote@vertical@offset=\skip72

("C:\Users\Matthew\AppData\Local\Programs\MiKTeX 2.9\tex/latex/placeins\placein
s.sty"
Package: placeins 2005/04/18  v 2.2
)
\@tufte@margin@floatbox=\box28
\@tufte@figure@box=\box29
\@tufte@caption@box=\box30
\@tufte@caption@vertical@offset=\skip73
\@tufte@float@contents@width=\skip74

("C:\Users\Matthew\AppData\Local\Programs\MiKTeX 2.9\tex/latex/psnfss\mathpazo.
sty"
Package: mathpazo 2005/04/12 PSNFSS-v9.2a Palatino w/ Pazo Math (D.Puga, WaS) 
\symupright=\mathgroup4
)
("C:\Users\Matthew\AppData\Local\Programs\MiKTeX 2.9\tex/latex/psnfss\helvet.st
y"
Package: helvet 2005/04/12 PSNFSS-v9.2a (WaS) 
)
("C:\Users\Matthew\AppData\Local\Programs\MiKTeX 2.9\tex/latex/bera\beramono.st
y"
Package: beramono 2004/01/31 (WaS)
)
("C:\Users\Matthew\AppData\Local\Programs\MiKTeX 2.9\tex/latex/base\fontenc.sty
"
Package: fontenc 2018/08/11 v2.0j Standard LaTeX package
 ("C:\Users\Matthew\AppData\Local\Programs\MiKTeX 2.9\tex/latex/base\t1enc.def"
File: t1enc.def 2018/08/11 v2.0j Standard LaTeX file
LaTeX Font Info:    Redeclaring font encoding T1 on input line 48.
))
("C:\Users\Matthew\AppData\Local\Programs\MiKTeX 2.9\tex/latex/base\textcomp.st
y"
Package: textcomp 2018/08/11 v2.0j Standard LaTeX package
Package textcomp Info: Sub-encoding information:
(textcomp)               5 = only ISO-Adobe without \textcurrency
(textcomp)               4 = 5 + \texteuro
(textcomp)               3 = 4 + \textohm
(textcomp)               2 = 3 + \textestimated + \textcurrency
(textcomp)               1 = TS1 - \textcircled - \t
(textcomp)               0 = TS1 (full)
(textcomp)             Font families with sub-encoding setting implement
(textcomp)             only a restricted character set as indicated.
(textcomp)             Family '?' is the default used for unknown fonts.
(textcomp)             See the documentation for details.
Package textcomp Info: Setting ? sub-encoding to TS1/1 on input line 79.

("C:\Users\Matthew\AppData\Local\Programs\MiKTeX 2.9\tex/latex/base\ts1enc.def"
File: ts1enc.def 2001/06/05 v3.0e (jk/car/fm) Standard LaTeX file
Now handling font encoding TS1 ...
... processing UTF-8 mapping file for font encoding TS1
("C:\Users\Matthew\AppData\Local\Programs\MiKTeX 2.9\tex/latex/base\ts1enc.dfu"
File: ts1enc.dfu 2018/10/05 v1.2f UTF-8 support for inputenc
   defining Unicode char U+00A2 (decimal 162)
   defining Unicode char U+00A3 (decimal 163)
   defining Unicode char U+00A4 (decimal 164)
   defining Unicode char U+00A5 (decimal 165)
   defining Unicode char U+00A6 (decimal 166)
   defining Unicode char U+00A7 (decimal 167)
   defining Unicode char U+00A8 (decimal 168)
   defining Unicode char U+00A9 (decimal 169)
   defining Unicode char U+00AA (decimal 170)
   defining Unicode char U+00AC (decimal 172)
   defining Unicode char U+00AE (decimal 174)
   defining Unicode char U+00AF (decimal 175)
   defining Unicode char U+00B0 (decimal 176)
   defining Unicode char U+00B1 (decimal 177)
   defining Unicode char U+00B2 (decimal 178)
   defining Unicode char U+00B3 (decimal 179)
   defining Unicode char U+00B4 (decimal 180)
   defining Unicode char U+00B5 (decimal 181)
   defining Unicode char U+00B6 (decimal 182)
   defining Unicode char U+00B7 (decimal 183)
   defining Unicode char U+00B9 (decimal 185)
   defining Unicode char U+00BA (decimal 186)
   defining Unicode char U+00BC (decimal 188)
   defining Unicode char U+00BD (decimal 189)
   defining Unicode char U+00BE (decimal 190)
   defining Unicode char U+00D7 (decimal 215)
   defining Unicode char U+00F7 (decimal 247)
   defining Unicode char U+0192 (decimal 402)
   defining Unicode char U+02C7 (decimal 711)
   defining Unicode char U+02D8 (decimal 728)
   defining Unicode char U+02DD (decimal 733)
   defining Unicode char U+0E3F (decimal 3647)
   defining Unicode char U+2016 (decimal 8214)
   defining Unicode char U+2020 (decimal 8224)
   defining Unicode char U+2021 (decimal 8225)
   defining Unicode char U+2022 (decimal 8226)
   defining Unicode char U+2030 (decimal 8240)
   defining Unicode char U+2031 (decimal 8241)
   defining Unicode char U+203B (decimal 8251)
   defining Unicode char U+203D (decimal 8253)
   defining Unicode char U+2044 (decimal 8260)
   defining Unicode char U+204E (decimal 8270)
   defining Unicode char U+2052 (decimal 8274)
   defining Unicode char U+20A1 (decimal 8353)
   defining Unicode char U+20A4 (decimal 8356)
   defining Unicode char U+20A6 (decimal 8358)
   defining Unicode char U+20A9 (decimal 8361)
   defining Unicode char U+20AB (decimal 8363)
   defining Unicode char U+20AC (decimal 8364)
   defining Unicode char U+20B1 (decimal 8369)
   defining Unicode char U+2103 (decimal 8451)
   defining Unicode char U+2116 (decimal 8470)
   defining Unicode char U+2117 (decimal 8471)
   defining Unicode char U+211E (decimal 8478)
   defining Unicode char U+2120 (decimal 8480)
   defining Unicode char U+2122 (decimal 8482)
   defining Unicode char U+2126 (decimal 8486)
   defining Unicode char U+2127 (decimal 8487)
   defining Unicode char U+212E (decimal 8494)
   defining Unicode char U+2190 (decimal 8592)
   defining Unicode char U+2191 (decimal 8593)
   defining Unicode char U+2192 (decimal 8594)
   defining Unicode char U+2193 (decimal 8595)
   defining Unicode char U+2329 (decimal 9001)
   defining Unicode char U+232A (decimal 9002)
   defining Unicode char U+2422 (decimal 9250)
   defining Unicode char U+25E6 (decimal 9702)
   defining Unicode char U+25EF (decimal 9711)
   defining Unicode char U+266A (decimal 9834)
   defining Unicode char U+FEFF (decimal 65279)
))
LaTeX Info: Redefining \oldstylenums on input line 334.
Package textcomp Info: Setting cmr sub-encoding to TS1/0 on input line 349.
Package textcomp Info: Setting cmss sub-encoding to TS1/0 on input line 350.
Package textcomp Info: Setting cmtt sub-encoding to TS1/0 on input line 351.
Package textcomp Info: Setting cmvtt sub-encoding to TS1/0 on input line 352.
Package textcomp Info: Setting cmbr sub-encoding to TS1/0 on input line 353.
Package textcomp Info: Setting cmtl sub-encoding to TS1/0 on input line 354.
Package textcomp Info: Setting ccr sub-encoding to TS1/0 on input line 355.
Package textcomp Info: Setting ptm sub-encoding to TS1/4 on input line 356.
Package textcomp Info: Setting pcr sub-encoding to TS1/4 on input line 357.
Package textcomp Info: Setting phv sub-encoding to TS1/4 on input line 358.
Package textcomp Info: Setting ppl sub-encoding to TS1/3 on input line 359.
Package textcomp Info: Setting pag sub-encoding to TS1/4 on input line 360.
Package textcomp Info: Setting pbk sub-encoding to TS1/4 on input line 361.
Package textcomp Info: Setting pnc sub-encoding to TS1/4 on input line 362.
Package textcomp Info: Setting pzc sub-encoding to TS1/4 on input line 363.
Package textcomp Info: Setting bch sub-encoding to TS1/4 on input line 364.
Package textcomp Info: Setting put sub-encoding to TS1/5 on input line 365.
Package textcomp Info: Setting uag sub-encoding to TS1/5 on input line 366.
Package textcomp Info: Setting ugq sub-encoding to TS1/5 on input line 367.
Package textcomp Info: Setting ul8 sub-encoding to TS1/4 on input line 368.
Package textcomp Info: Setting ul9 sub-encoding to TS1/4 on input line 369.
Package textcomp Info: Setting augie sub-encoding to TS1/5 on input line 370.
Package textcomp Info: Setting dayrom sub-encoding to TS1/3 on input line 371.
Package textcomp Info: Setting dayroms sub-encoding to TS1/3 on input line 372.

Package textcomp Info: Setting pxr sub-encoding to TS1/0 on input line 373.
Package textcomp Info: Setting pxss sub-encoding to TS1/0 on input line 374.
Package textcomp Info: Setting pxtt sub-encoding to TS1/0 on input line 375.
Package textcomp Info: Setting txr sub-encoding to TS1/0 on input line 376.
Package textcomp Info: Setting txss sub-encoding to TS1/0 on input line 377.
Package textcomp Info: Setting txtt sub-encoding to TS1/0 on input line 378.
Package textcomp Info: Setting lmr sub-encoding to TS1/0 on input line 379.
Package textcomp Info: Setting lmdh sub-encoding to TS1/0 on input line 380.
Package textcomp Info: Setting lmss sub-encoding to TS1/0 on input line 381.
Package textcomp Info: Setting lmssq sub-encoding to TS1/0 on input line 382.
Package textcomp Info: Setting lmvtt sub-encoding to TS1/0 on input line 383.
Package textcomp Info: Setting lmtt sub-encoding to TS1/0 on input line 384.
Package textcomp Info: Setting qhv sub-encoding to TS1/0 on input line 385.
Package textcomp Info: Setting qag sub-encoding to TS1/0 on input line 386.
Package textcomp Info: Setting qbk sub-encoding to TS1/0 on input line 387.
Package textcomp Info: Setting qcr sub-encoding to TS1/0 on input line 388.
Package textcomp Info: Setting qcs sub-encoding to TS1/0 on input line 389.
Package textcomp Info: Setting qpl sub-encoding to TS1/0 on input line 390.
Package textcomp Info: Setting qtm sub-encoding to TS1/0 on input line 391.
Package textcomp Info: Setting qzc sub-encoding to TS1/0 on input line 392.
Package textcomp Info: Setting qhvc sub-encoding to TS1/0 on input line 393.
Package textcomp Info: Setting futs sub-encoding to TS1/4 on input line 394.
Package textcomp Info: Setting futx sub-encoding to TS1/4 on input line 395.
Package textcomp Info: Setting futj sub-encoding to TS1/4 on input line 396.
Package textcomp Info: Setting hlh sub-encoding to TS1/3 on input line 397.
Package textcomp Info: Setting hls sub-encoding to TS1/3 on input line 398.
Package textcomp Info: Setting hlst sub-encoding to TS1/3 on input line 399.
Package textcomp Info: Setting hlct sub-encoding to TS1/5 on input line 400.
Package textcomp Info: Setting hlx sub-encoding to TS1/5 on input line 401.
Package textcomp Info: Setting hlce sub-encoding to TS1/5 on input line 402.
Package textcomp Info: Setting hlcn sub-encoding to TS1/5 on input line 403.
Package textcomp Info: Setting hlcw sub-encoding to TS1/5 on input line 404.
Package textcomp Info: Setting hlcf sub-encoding to TS1/5 on input line 405.
Package textcomp Info: Setting pplx sub-encoding to TS1/3 on input line 406.
Package textcomp Info: Setting pplj sub-encoding to TS1/3 on input line 407.
Package textcomp Info: Setting ptmx sub-encoding to TS1/4 on input line 408.
Package textcomp Info: Setting ptmj sub-encoding to TS1/4 on input line 409.
)
("C:\Users\Matthew\AppData\Local\Programs\MiKTeX 2.9\tex/latex/fancyhdr\fancyhd
r.sty"
Package: fancyhdr 2019/01/31 v3.10 Extensive control of page headers and footer
s
\f@nch@headwidth=\skip75
\f@nch@O@elh=\skip76
\f@nch@O@erh=\skip77
\f@nch@O@olh=\skip78
\f@nch@O@orh=\skip79
\f@nch@O@elf=\skip80
\f@nch@O@erf=\skip81
\f@nch@O@olf=\skip82
\f@nch@O@orf=\skip83
)
\tufteskipamount=\skip84

("C:\Users\Matthew\AppData\Local\Programs\MiKTeX 2.9\tex/latex/tools\multicol.s
ty"
Package: multicol 2018/12/27 v1.8v multicolumn formatting (FMi)
\c@tracingmulticols=\count111
\mult@box=\box31
\multicol@leftmargin=\dimen124
\c@unbalance=\count112
\c@collectmore=\count113
\doublecol@number=\count114
\multicoltolerance=\count115
\multicolpretolerance=\count116
\full@width=\dimen125
\page@free=\dimen126
\premulticols=\dimen127
\postmulticols=\dimen128
\multicolsep=\skip85
\multicolbaselineskip=\skip86
\partial@page=\box32
\last@line=\box33
\maxbalancingoverflow=\dimen129
\mult@rightbox=\box34
\mult@grightbox=\box35
\mult@gfirstbox=\box36
\mult@firstbox=\box37
\@tempa=\box38
\@tempa=\box39
\@tempa=\box40
\@tempa=\box41
\@tempa=\box42
\@tempa=\box43
\@tempa=\box44
\@tempa=\box45
\@tempa=\box46
\@tempa=\box47
\@tempa=\box48
\@tempa=\box49
\@tempa=\box50
\@tempa=\box51
\@tempa=\box52
\@tempa=\box53
\@tempa=\box54
\c@columnbadness=\count117
\c@finalcolumnbadness=\count118
\last@try=\dimen130
\multicolovershoot=\dimen131
\multicolundershoot=\dimen132
\mult@nat@firstbox=\box55
\colbreak@box=\box56
\mc@col@check@num=\count119
)))
("C:\Users\Matthew\AppData\Local\Programs\MiKTeX 2.9\tex/latex/base\inputenc.st
y"
Package: inputenc 2018/08/11 v1.3c Input encoding file
\inpenc@prehook=\toks19
\inpenc@posthook=\toks20
)
("C:\Users\Matthew\AppData\Local\Programs\MiKTeX 2.9\tex/latex/base\fontenc.sty
"
Package: fontenc 2018/08/11 v2.0j Standard LaTeX package
 ("C:\Users\Matthew\AppData\Local\Programs\MiKTeX 2.9\tex/latex/base\t1enc.def"
File: t1enc.def 2018/08/11 v2.0j Standard LaTeX file
LaTeX Font Info:    Redeclaring font encoding T1 on input line 48.
))
("C:\Users\Matthew\AppData\Local\Programs\MiKTeX 2.9\tex/latex/graphics\graphic
x.sty"
Package: graphicx 2017/06/01 v1.1a Enhanced LaTeX Graphics (DPC,SPQR)

("C:\Users\Matthew\AppData\Local\Programs\MiKTeX 2.9\tex/latex/graphics\graphic
s.sty"
Package: graphics 2017/06/25 v1.2c Standard LaTeX Graphics (DPC,SPQR)

("C:\Users\Matthew\AppData\Local\Programs\MiKTeX 2.9\tex/latex/graphics\trig.st
y"
Package: trig 2016/01/03 v1.10 sin cos tan (DPC)
)
("C:\Users\Matthew\AppData\Local\Programs\MiKTeX 2.9\tex/latex/graphics-cfg\gra
phics.cfg"
File: graphics.cfg 2016/06/04 v1.11 sample graphics configuration
)
Package graphics Info: Driver file: pdftex.def on input line 99.
)
\Gin@req@height=\dimen133
\Gin@req@width=\dimen134
)
("C:\Users\Matthew\AppData\Local\Programs\MiKTeX 2.9\tex/latex/regexpatch\regex
patch.sty"
("C:\Users\Matthew\AppData\Local\Programs\MiKTeX 2.9\tex/latex/l3kernel\expl3.s
ty"
Package: expl3 2019-09-19 L3 programming layer (loader) 

("C:\Users\Matthew\AppData\Local\Programs\MiKTeX 2.9\tex/latex/l3kernel\expl3-c
ode.tex"
Package: expl3 2019-09-19 L3 programming layer (code)
\c_max_int=\count120
\l_tmpa_int=\count121
\l_tmpb_int=\count122
\g_tmpa_int=\count123
\g_tmpb_int=\count124
\g__kernel_prg_map_int=\count125
\c__ior_term_noprompt_ior=\count126
\c_log_iow=\count127
\l_iow_line_count_int=\count128
\l__iow_line_target_int=\count129
\l__iow_one_indent_int=\count130
\l__iow_indent_int=\count131
\c_zero_dim=\dimen135
\c_max_dim=\dimen136
\l_tmpa_dim=\dimen137
\l_tmpb_dim=\dimen138
\g_tmpa_dim=\dimen139
\g_tmpb_dim=\dimen140
\c_zero_skip=\skip87
\c_max_skip=\skip88
\l_tmpa_skip=\skip89
\l_tmpb_skip=\skip90
\g_tmpa_skip=\skip91
\g_tmpb_skip=\skip92
\c_zero_muskip=\muskip11
\c_max_muskip=\muskip12
\l_tmpa_muskip=\muskip13
\l_tmpb_muskip=\muskip14
\g_tmpa_muskip=\muskip15
\g_tmpb_muskip=\muskip16
\l_keys_choice_int=\count132
\l__intarray_loop_int=\count133
\c__intarray_sp_dim=\dimen141
\g__intarray_font_int=\count134
\c__fp_leading_shift_int=\count135
\c__fp_middle_shift_int=\count136
\c__fp_trailing_shift_int=\count137
\c__fp_big_leading_shift_int=\count138
\c__fp_big_middle_shift_int=\count139
\c__fp_big_trailing_shift_int=\count140
\c__fp_Bigg_leading_shift_int=\count141
\c__fp_Bigg_middle_shift_int=\count142
\c__fp_Bigg_trailing_shift_int=\count143
\c__kernel_randint_max_int=\count144
\g__fp_array_int=\count145
\l__fp_array_loop_int=\count146
\l__sort_length_int=\count147
\l__sort_min_int=\count148
\l__sort_top_int=\count149
\l__sort_max_int=\count150
\l__sort_true_max_int=\count151
\l__sort_block_int=\count152
\l__sort_begin_int=\count153
\l__sort_end_int=\count154
\l__sort_A_int=\count155
\l__sort_B_int=\count156
\l__sort_C_int=\count157
\l__str_internal_int=\count158
\c__str_replacement_char_int=\count159
\l__tl_analysis_normal_int=\count160
\l__tl_analysis_index_int=\count161
\l__tl_analysis_nesting_int=\count162
\l__tl_analysis_type_int=\count163
\l__regex_internal_a_int=\count164
\l__regex_internal_b_int=\count165
\l__regex_internal_c_int=\count166
\l__regex_balance_int=\count167
\l__regex_group_level_int=\count168
\l__regex_mode_int=\count169
\c__regex_cs_in_class_mode_int=\count170
\c__regex_cs_mode_int=\count171
\l__regex_catcodes_int=\count172
\l__regex_default_catcodes_int=\count173
\c__regex_catcode_D_int=\count174
\c__regex_catcode_S_int=\count175
\c__regex_catcode_L_int=\count176
\c__regex_catcode_O_int=\count177
\c__regex_catcode_A_int=\count178
\c__regex_all_catcodes_int=\count179
\l__regex_show_lines_int=\count180
\l__regex_min_state_int=\count181
\l__regex_max_state_int=\count182
\l__regex_left_state_int=\count183
\l__regex_right_state_int=\count184
\l__regex_capturing_group_int=\count185
\l__regex_min_pos_int=\count186
\l__regex_max_pos_int=\count187
\l__regex_curr_pos_int=\count188
\l__regex_start_pos_int=\count189
\l__regex_success_pos_int=\count190
\l__regex_curr_char_int=\count191
\l__regex_curr_catcode_int=\count192
\l__regex_last_char_int=\count193
\l__regex_case_changed_char_int=\count194
\l__regex_curr_state_int=\count195
\l__regex_step_int=\count196
\l__regex_min_active_int=\count197
\l__regex_max_active_int=\count198
\l__regex_replacement_csnames_int=\count199
\l__regex_match_count_int=\count266
\l__regex_min_submatch_int=\count267
\l__regex_submatch_int=\count268
\l__regex_zeroth_submatch_int=\count269
\g__regex_trace_regex_int=\count270
\c_empty_box=\box57
\l_tmpa_box=\box58
\l_tmpb_box=\box59
\g_tmpa_box=\box60
\g_tmpb_box=\box61
\l__box_top_dim=\dimen142
\l__box_bottom_dim=\dimen143
\l__box_left_dim=\dimen144
\l__box_right_dim=\dimen145
\l__box_top_new_dim=\dimen146
\l__box_bottom_new_dim=\dimen147
\l__box_left_new_dim=\dimen148
\l__box_right_new_dim=\dimen149
\l__box_internal_box=\box62
\l__coffin_internal_box=\box63
\l__coffin_internal_dim=\dimen150
\l__coffin_offset_x_dim=\dimen151
\l__coffin_offset_y_dim=\dimen152
\l__coffin_x_dim=\dimen153
\l__coffin_y_dim=\dimen154
\l__coffin_x_prime_dim=\dimen155
\l__coffin_y_prime_dim=\dimen156
\c_empty_coffin=\box64
\l__coffin_aligned_coffin=\box65
\l__coffin_aligned_internal_coffin=\box66
\l_tmpa_coffin=\box67
\l_tmpb_coffin=\box68
\g_tmpa_coffin=\box69
\g_tmpb_coffin=\box70
\l__coffin_bounding_shift_dim=\dimen157
\l__coffin_left_corner_dim=\dimen158
\l__coffin_right_corner_dim=\dimen159
\l__coffin_bottom_corner_dim=\dimen160
\l__coffin_top_corner_dim=\dimen161
\l__coffin_scaled_total_height_dim=\dimen162
\l__coffin_scaled_width_dim=\dimen163
\c__coffin_empty_coffin=\box71
\l__coffin_display_coffin=\box72
\l__coffin_display_coord_coffin=\box73
\l__coffin_display_pole_coffin=\box74
\l__coffin_display_offset_dim=\dimen164
\l__coffin_display_x_dim=\dimen165
\l__coffin_display_y_dim=\dimen166
\g__char_data_ior=\read1
\l__seq_internal_a_int=\count271
\l__seq_internal_b_int=\count272
)
("C:\Users\Matthew\AppData\Local\Programs\MiKTeX 2.9\tex/latex/l3backend\l3back
end-pdfmode.def"
File: l3backend-pdfmode.def 2019-04-06 v L3 backend support: PDF mode
\l__kernel_color_stack_int=\count273
\l__pdf_internal_box=\box75
))
Package: regexpatch 2018/05/02 v0.2d Extending etoolbox patching commands

("C:\Users\Matthew\AppData\Local\Programs\MiKTeX 2.9\tex/latex/l3packages/xpars
e\xparse.sty"
Package: xparse 2019-05-28 L3 Experimental document command parser
\l__xparse_current_arg_int=\count274
\g__xparse_grabber_int=\count275
\l__xparse_m_args_int=\count276
\l__xparse_v_nesting_int=\count277
))
Package hyperref Info: Option `colorlinks' set `true' on input line 14.
 (booklist.aux)
\openout1 = `booklist.aux'.

LaTeX Font Info:    Checking defaults for OML/cmm/m/it on input line 56.
LaTeX Font Info:    ... okay on input line 56.
LaTeX Font Info:    Checking defaults for T1/cmr/m/n on input line 56.
LaTeX Font Info:    ... okay on input line 56.
LaTeX Font Info:    Checking defaults for OT1/cmr/m/n on input line 56.
LaTeX Font Info:    ... okay on input line 56.
LaTeX Font Info:    Checking defaults for OMS/cmsy/m/n on input line 56.
LaTeX Font Info:    ... okay on input line 56.
LaTeX Font Info:    Checking defaults for OMX/cmex/m/n on input line 56.
LaTeX Font Info:    ... okay on input line 56.
LaTeX Font Info:    Checking defaults for U/cmr/m/n on input line 56.
LaTeX Font Info:    ... okay on input line 56.
LaTeX Font Info:    Checking defaults for PD1/pdf/m/n on input line 56.
LaTeX Font Info:    ... okay on input line 56.
LaTeX Font Info:    Checking defaults for PU/pdf/m/n on input line 56.
LaTeX Font Info:    ... okay on input line 56.
LaTeX Font Info:    Checking defaults for TS1/cmr/m/n on input line 56.
LaTeX Font Info:    Try loading font information for TS1+cmr on input line 56.

("C:\Users\Matthew\AppData\Local\Programs\MiKTeX 2.9\tex/latex/base\ts1cmr.fd"
File: ts1cmr.fd 2014/09/29 v2.5h Standard LaTeX font definitions
)
LaTeX Font Info:    ... okay on input line 56.
LaTeX Font Info:    Try loading font information for T1+pplj on input line 56.
("C:\Users\Matthew\AppData\Local\Programs\MiKTeX 2.9\tex/latex/psnfss\t1pplj.fd
"
File: t1pplj.fd 2004/09/06 font definitions for T1/pplj.
)
\AtBeginShipoutBox=\box76
Package hyperref Info: Link coloring ON on input line 56.

("C:\Users\Matthew\AppData\Local\Programs\MiKTeX 2.9\tex/latex/hyperref\nameref
.sty"
Package: nameref 2016/05/21 v2.44 Cross-referencing by name of section

("C:\Users\Matthew\AppData\Local\Programs\MiKTeX 2.9\tex/generic/oberdiek\getti
tlestring.sty"
Package: gettitlestring 2016/05/16 v1.5 Cleanup title references (HO)
)
\c@section@level=\count278
)
LaTeX Info: Redefining \ref on input line 56.
LaTeX Info: Redefining \pageref on input line 56.
LaTeX Info: Redefining \nameref on input line 56.
 (booklist.out) (booklist.out)
\@outlinefile=\write3
\openout3 = `booklist.out'.


ABD: EverySelectfont initializing macros
LaTeX Info: Redefining \selectfont on input line 56.

*geometry* driver: auto-detecting
*geometry* detected driver: pdftex
*geometry* verbose mode - [ preamble ] result:
* driver: pdftex
* paper: letterpaper
* layout: <same size as paper>
* layoutoffset:(h,v)=(0.0pt,0.0pt)
* modes: twoside asymmetric 
* h-part:(L,W,R)=(72.26999pt, 312.0pt, 230.02501pt)
* v-part:(T,H,B)=(72.26999pt, 616.0pt, 106.7pt)
* \paperwidth=614.295pt
* \paperheight=794.96999pt
* \textwidth=312.0pt
* \textheight=616.0pt
* \oddsidemargin=0.0pt
* \evensidemargin=0.0pt
* \topmargin=-42.0pt
* \headheight=14.0pt
* \headsep=28.0pt
* \topskip=10.0pt
* \footskip=30.0pt
* \marginparwidth=144.0pt
* \marginparsep=24.0pt
* \columnsep=10.0pt
* \skip\footins=9.0pt plus 4.0pt minus 2.0pt
* \hoffset=0.0pt
* \voffset=0.0pt
* \mag=1000
* \@twocolumnfalse
* \@twosidetrue
* \@mparswitchfalse
* \@reversemarginfalse
* (1in=72.27pt=25.4mm, 1cm=28.453pt)


("C:\Users\Matthew\AppData\Local\Programs\MiKTeX 2.9\tex/context/base/mkii\supp
-pdf.mkii"
[Loading MPS to PDF converter (version 2006.09.02).]
\scratchcounter=\count279
\scratchdimen=\dimen167
\scratchbox=\box77
\nofMPsegments=\count280
\nofMParguments=\count281
\everyMPshowfont=\toks21
\MPscratchCnt=\count282
\MPscratchDim=\dimen168
\MPnumerator=\count283
\makeMPintoPDFobject=\count284
\everyMPtoPDFconversion=\toks22
)
("C:\Users\Matthew\AppData\Local\Programs\MiKTeX 2.9\tex/latex/oberdiek\epstopd
f-base.sty"
Package: epstopdf-base 2016/05/15 v2.6 Base part for package epstopdf

("C:\Users\Matthew\AppData\Local\Programs\MiKTeX 2.9\tex/latex/oberdiek\grfext.
sty"
Package: grfext 2016/05/16 v1.2 Manage graphics extensions (HO)
)
Package epstopdf-base Info: Redefining graphics rule for `.eps' on input line 4
38.
Package grfext Info: Graphics extension search list:
(grfext)             [.pdf,.png,.jpg,.mps,.jpeg,.jbig2,.jb2,.PDF,.PNG,.JPG,.JPE
G,.JBIG2,.JB2,.eps]
(grfext)             \AppendGraphicsExtensions on input line 456.
)
\big@size=\dimen169
\langwohyphens=\language82

Overfull \hbox (7.61995pt too wide) in paragraph at lines 58--58
|\T1/pplj/m/it/12 The Fab-ric of the Cos-mos: Space, Time, and the Tex-ture of 
Re-al-ity| 
 []

<images/fabric_of_the_cosmos.jpg, id=3, 70.3428pt x 108.405pt>
File: images/fabric_of_the_cosmos.jpg Graphic file (type jpg)
<use images/fabric_of_the_cosmos.jpg>
Package pdftex.def Info: images/fabric_of_the_cosmos.jpg  used on input line 60
.
(pdftex.def)             Requested size: 144.0pt x 221.96204pt.
LaTeX Font Info:    Try loading font information for OT1+pplx on input line 62.


("C:\Users\Matthew\AppData\Local\Programs\MiKTeX 2.9\tex/latex/psnfss\ot1pplx.f
d"
File: ot1pplx.fd 2004/09/06 font definitions for OT1/pplx.
)
LaTeX Font Info:    Try loading font information for OML+zplm on input line 62.


("C:\Users\Matthew\AppData\Local\Programs\MiKTeX 2.9\tex/latex/psnfss\omlzplm.f
d"
File: omlzplm.fd 2002/09/08 Fontinst v1.914 font definitions for OML/zplm.
)
LaTeX Font Info:    Try loading font information for OMS+zplm on input line 62.


("C:\Users\Matthew\AppData\Local\Programs\MiKTeX 2.9\tex/latex/psnfss\omszplm.f
d"
File: omszplm.fd 2002/09/08 Fontinst v1.914 font definitions for OMS/zplm.
)
LaTeX Font Info:    Try loading font information for OMX+zplm on input line 62.


("C:\Users\Matthew\AppData\Local\Programs\MiKTeX 2.9\tex/latex/psnfss\omxzplm.f
d"
File: omxzplm.fd 2002/09/08 Fontinst v1.914 font definitions for OMX/zplm.
)
LaTeX Font Info:    Try loading font information for OT1+zplm on input line 62.


("C:\Users\Matthew\AppData\Local\Programs\MiKTeX 2.9\tex/latex/psnfss\ot1zplm.f
d"
File: ot1zplm.fd 2002/09/08 Fontinst v1.914 font definitions for OT1/zplm.
)

LaTeX Warning: Marginpar on page 1 moved.

LaTeX Font Info:    Font shape `T1/pplj/bx/n' in size <10> not available
(Font)              Font shape `T1/pplj/b/n' tried instead on input line 65.

Overfull \hbox (11.41194pt too wide) in paragraph at lines 73--73
|\T1/pplj/m/it/12 The C. S. Lewis Sig-na-ture Clas-sics An An-thol-ogy of 8 C. 
S. Lewis
 []

<images/cs_lewis.jpg, id=6, 431.6125pt x 650.43pt>
File: images/cs_lewis.jpg Graphic file (type jpg)
<use images/cs_lewis.jpg>
Package pdftex.def Info: images/cs_lewis.jpg  used on input line 75.
(pdftex.def)             Requested size: 144.0pt x 217.00465pt.

Overfull \hbox (2.328pt too wide) in paragraph at lines 74--76
 []  
 []

[1{C:/Users/Matthew/AppData/Local/MiKTeX/2.9/pdftex/config/pdftex.map}

 <./images/fabric_of_the_cosmos.jpg> <./images/cs_lewis.jpg>]
<images/mogworld.jpg, id=19, 301.125pt x 491.8375pt>
File: images/mogworld.jpg Graphic file (type jpg)
<use images/mogworld.jpg>
Package pdftex.def Info: images/mogworld.jpg  used on input line 90.
(pdftex.def)             Requested size: 144.0pt x 235.20876pt.

Overfull \hbox (2.328pt too wide) in paragraph at lines 89--91
 []  
 []


LaTeX Warning: Marginpar on page 2 moved.

<images/john_dies_at_the_end.jpg, id=22, 482.7636pt x 722.7pt>
File: images/john_dies_at_the_end.jpg Graphic file (type jpg)
<use images/john_dies_at_the_end.jpg>
Package pdftex.def Info: images/john_dies_at_the_end.jpg  used on input line 10
5.
(pdftex.def)             Requested size: 144.0pt x 215.56555pt.

Overfull \hbox (2.328pt too wide) in paragraph at lines 104--106
 []  
 []


LaTeX Warning: Marginpar on page 2 moved.

[2 <./images/mogworld.jpg> <./images/john_dies_at_the_end.jpg>]
<images/cryptonomicon.jpg, id=29, 200.75pt x 303.1325pt>
File: images/cryptonomicon.jpg Graphic file (type jpg)
<use images/cryptonomicon.jpg>
Package pdftex.def Info: images/cryptonomicon.jpg  used on input line 120.
(pdftex.def)             Requested size: 144.0pt x 217.45503pt.

Overfull \hbox (2.328pt too wide) in paragraph at lines 119--121
 []  
 []


LaTeX Warning: Marginpar on page 3 moved.

<images/neuromancer.jpg, id=32, 72.27pt x 108.405pt>
File: images/neuromancer.jpg Graphic file (type jpg)
<use images/neuromancer.jpg>
Package pdftex.def Info: images/neuromancer.jpg  used on input line 136.
(pdftex.def)             Requested size: 144.0pt x 216.01215pt.

Overfull \hbox (2.328pt too wide) in paragraph at lines 135--137
 []  
 []

[3 <./images/cryptonomicon.jpg>]

LaTeX Warning: Marginpar on page 4 moved.

<images/spirits_of_place.jpg, id=39, 334.24875pt x 500.87125pt>
File: images/spirits_of_place.jpg Graphic file (type jpg)
<use images/spirits_of_place.jpg>
Package pdftex.def Info: images/spirits_of_place.jpg  used on input line 152.
(pdftex.def)             Requested size: 144.0pt x 215.79077pt.

Overfull \hbox (2.328pt too wide) in paragraph at lines 151--153
 []  
 []


LaTeX Warning: Marginpar on page 4 moved.

[4 <./images/neuromancer.jpg> <./images/spirits_of_place.jpg>]
<images/nurses_story.jpg, id=46, 70.3428pt x 108.405pt>
File: images/nurses_story.jpg Graphic file (type jpg)
<use images/nurses_story.jpg>
Package pdftex.def Info: images/nurses_story.jpg  used on input line 176.
(pdftex.def)             Requested size: 144.0pt x 221.96204pt.

Overfull \hbox (2.328pt too wide) in paragraph at lines 175--177
 []  
 []

<images/monopolists.jpg, id=49, 421.575pt x 632.3625pt>
File: images/monopolists.jpg Graphic file (type jpg)
<use images/monopolists.jpg>
Package pdftex.def Info: images/monopolists.jpg  used on input line 184.
(pdftex.def)             Requested size: 144.0pt x 216.0039pt.

Overfull \hbox (2.328pt too wide) in paragraph at lines 183--185
 []  
 []


LaTeX Warning: Marginpar on page 5 moved.

[5 <./images/nurses_story.jpg> <./images/monopolists.jpg>]
<images/sacred_trash.jpg, id=56, 119.0046pt x 168.63pt>
File: images/sacred_trash.jpg Graphic file (type jpg)
<use images/sacred_trash.jpg>
Package pdftex.def Info: images/sacred_trash.jpg  used on input line 208.
(pdftex.def)             Requested size: 144.0pt x 204.05579pt.

Overfull \hbox (2.328pt too wide) in paragraph at lines 207--209
 []  
 []

<images/toms_river.jpg, id=59, 110.814pt x 168.63pt>
File: images/toms_river.jpg Graphic file (type jpg)
<use images/toms_river.jpg>
Package pdftex.def Info: images/toms_river.jpg  used on input line 214.
(pdftex.def)             Requested size: 144.0pt x 219.13147pt.

Overfull \hbox (2.328pt too wide) in paragraph at lines 213--215
 []  
 []


LaTeX Warning: Marginpar on page 6 moved.


Overfull \hbox (14.41196pt too wide) in paragraph at lines 227--227
|\T1/pplj/m/it/12 The Faith-ful Ex-e-cu-tioner: Life and Death, Honor and Shame
 in the
 []

<images/faithful_executioner.jpg, id=62, 160.6803pt x 240.9pt>
File: images/faithful_executioner.jpg Graphic file (type jpg)
<use images/faithful_executioner.jpg>
Package pdftex.def Info: images/faithful_executioner.jpg  used on input line 22
9.
(pdftex.def)             Requested size: 144.0pt x 215.90005pt.

Overfull \hbox (2.328pt too wide) in paragraph at lines 228--230
 []  
 []

[6 <./images/sacred_trash.jpg> <./images/toms_river.jpg>]

LaTeX Warning: Marginpar on page 7 moved.

<images/spook.jpg, id=69, 334.24875pt x 500.87125pt>
File: images/spook.jpg Graphic file (type jpg)
<use images/spook.jpg>
Package pdftex.def Info: images/spook.jpg  used on input line 244.
(pdftex.def)             Requested size: 144.0pt x 215.79077pt.

Overfull \hbox (2.328pt too wide) in paragraph at lines 243--245
 []  
 []


LaTeX Warning: Marginpar on page 7 moved.


Overfull \hbox (17.09995pt too wide) in paragraph at lines 257--257
|\T1/pplj/m/it/12 Ninety Per-cent of Ev-ery-thing: In-side Ship-ping, the In-vi
s-i-ble In-dus-
 []


Overfull \hbox (14.01596pt too wide) in paragraph at lines 257--257
\T1/pplj/m/it/12 try That Puts Clothes on Your Back, Gas in Your Car, and Food 
on
 []

[7 <./images/faithful_executioner.jpg> <./images/spook.jpg>]
<images/ninety_percent_of_everything.jpg, id=77, 160.6803pt x 240.9pt>
File: images/ninety_percent_of_everything.jpg Graphic file (type jpg)
<use images/ninety_percent_of_everything.jpg>
Package pdftex.def Info: images/ninety_percent_of_everything.jpg  used on input
 line 269.
(pdftex.def)             Requested size: 144.0pt x 215.90005pt.

Overfull \hbox (2.328pt too wide) in paragraph at lines 268--270
 []  
 []

<images/animals_strike_curious_poses.jpg, id=80, 442.65375pt x 677.53125pt>
File: images/animals_strike_curious_poses.jpg Graphic file (type jpg)
<use images/animals_strike_curious_poses.jpg>
Package pdftex.def Info: images/animals_strike_curious_poses.jpg  used on input
 line 275.
(pdftex.def)             Requested size: 144.0pt x 220.41214pt.

Overfull \hbox (2.328pt too wide) in paragraph at lines 274--276
 []  
 []


LaTeX Warning: Marginpar on page 8 moved.

<images/word_by_word.jpg, id=83, 109.3686pt x 168.63pt>
File: images/word_by_word.jpg Graphic file (type jpg)
<use images/word_by_word.jpg>
Package pdftex.def Info: images/word_by_word.jpg  used on input line 290.
(pdftex.def)             Requested size: 144.0pt x 222.0442pt.

Overfull \hbox (2.328pt too wide) in paragraph at lines 289--291
 []  
 []

[8 <./images/ninety_percent_of_everything.jpg> <./images/animals_strike_curious
_poses.jpg>]

LaTeX Warning: Marginpar on page 9 moved.

<images/ghostland.jpg, id=90, 109.8504pt x 168.63pt>
File: images/ghostland.jpg Graphic file (type jpg)
<use images/ghostland.jpg>
Package pdftex.def Info: images/ghostland.jpg  used on input line 305.
(pdftex.def)             Requested size: 144.0pt x 221.06386pt.

Overfull \hbox (2.328pt too wide) in paragraph at lines 304--306
 []  
 []


LaTeX Warning: Marginpar on page 9 moved.

[9 <./images/word_by_word.jpg> <./images/ghostland.jpg>]
Overfull \hbox (6.50397pt too wide) in paragraph at lines 318--318
|\T1/pplj/m/it/12 The Dragon Be-hind the Glass: A True Story of Power, Ob-ses-s
ion,
 []

<images/dragon_behind_the_glass.jpg, id=97, 55.8888pt x 84.315pt>
File: images/dragon_behind_the_glass.jpg Graphic file (type jpg)
<use images/dragon_behind_the_glass.jpg>
Package pdftex.def Info: images/dragon_behind_the_glass.jpg  used on input line
 320.
(pdftex.def)             Requested size: 144.0pt x 217.29425pt.

Overfull \hbox (2.328pt too wide) in paragraph at lines 319--321
 []  
 []


LaTeX Warning: Marginpar on page 10 moved.


Overfull \hbox (12.52794pt too wide) in paragraph at lines 333--333
|\T1/pplj/m/it/12 Rare Books Un-cov-ered: True Sto-ries of Fan-tas-tic Finds in
 Un-likely
 []

[10 <./images/dragon_behind_the_glass.jpg>]
<images/rare_books.jpg, id=104, 225.84375pt x 338.76563pt>
File: images/rare_books.jpg Graphic file (type jpg)
<use images/rare_books.jpg>
Package pdftex.def Info: images/rare_books.jpg  used on input line 345.
(pdftex.def)             Requested size: 144.0pt x 216.0132pt.

Overfull \hbox (2.328pt too wide) in paragraph at lines 344--346
 []  
 []

<images/hunt_for_vulcan.jpg, id=107, 109.3686pt x 168.63pt>
File: images/hunt_for_vulcan.jpg Graphic file (type jpg)
<use images/hunt_for_vulcan.jpg>
Package pdftex.def Info: images/hunt_for_vulcan.jpg  used on input line 351.
(pdftex.def)             Requested size: 144.0pt x 222.0442pt.

Overfull \hbox (2.328pt too wide) in paragraph at lines 350--352
 []  
 []


LaTeX Warning: Marginpar on page 11 moved.

[11 <./images/rare_books.jpg> <./images/hunt_for_vulcan.jpg>]
Overfull \hbox (3.14398pt too wide) in paragraph at lines 364--364
|\T1/pplj/m/it/12 A Wilder Time: Notes from a Ge-ol-o-gist at the Edge of the G
reen-
 []

<images/wilder_time.jpg, id=114, 216.81pt x 325.215pt>
File: images/wilder_time.jpg Graphic file (type jpg)
<use images/wilder_time.jpg>
Package pdftex.def Info: images/wilder_time.jpg  used on input line 366.
(pdftex.def)             Requested size: 144.0pt x 216.01218pt.

Overfull \hbox (2.328pt too wide) in paragraph at lines 365--367
 []  
 []


LaTeX Warning: Marginpar on page 12 moved.

<images/mammother.jpg, id=117, 294.09875pt x 500.87125pt>
File: images/mammother.jpg Graphic file (type jpg)
<use images/mammother.jpg>
Package pdftex.def Info: images/mammother.jpg  used on input line 381.
(pdftex.def)             Requested size: 144.0pt x 245.24562pt.

Overfull \hbox (2.328pt too wide) in paragraph at lines 380--382
 []  
 []


LaTeX Warning: Marginpar on page 12 moved.

[12 <./images/wilder_time.jpg> <./images/mammother.jpg>]
Overfull \hbox (16.25998pt too wide) in paragraph at lines 394--394
|\T1/pplj/m/it/12 The Woman Who Smashed Codes: A True Story of Love, Spies, and

 []

<images/woman_who_smashes_codes.jpg, id=124, 430.60875pt x 650.43pt>
File: images/woman_who_smashes_codes.jpg Graphic file (type jpg)
<use images/woman_who_smashes_codes.jpg>
Package pdftex.def Info: images/woman_who_smashes_codes.jpg  used on input line
 396.
(pdftex.def)             Requested size: 144.0pt x 217.5108pt.

Overfull \hbox (2.328pt too wide) in paragraph at lines 395--397
 []  
 []


LaTeX Warning: Marginpar on page 13 moved.

<images/tyrant.jpg, id=127, 332.24126pt x 500.87125pt>
File: images/tyrant.jpg Graphic file (type jpg)
<use images/tyrant.jpg>
Package pdftex.def Info: images/tyrant.jpg  used on input line 411.
(pdftex.def)             Requested size: 144.0pt x 217.09003pt.

Overfull \hbox (2.328pt too wide) in paragraph at lines 410--412
 []  
 []

[13 <./images/woman_who_smashes_codes.jpg>]

LaTeX Warning: Marginpar on page 14 moved.

<images/library_book.jpg, id=135, 66.0066pt x 96.36pt>
File: images/library_book.jpg Graphic file (type jpg)
<use images/library_book.jpg>
Package pdftex.def Info: images/library_book.jpg  used on input line 426.
(pdftex.def)             Requested size: 144.0pt x 210.2385pt.

Overfull \hbox (2.328pt too wide) in paragraph at lines 425--427
 []  
 []


LaTeX Warning: Marginpar on page 14 moved.

[14 <./images/tyrant.jpg> <./images/library_book.jpg>]
<images/do_no_harm.jpg, id=142, 160.6803pt x 240.9pt>
File: images/do_no_harm.jpg Graphic file (type jpg)
<use images/do_no_harm.jpg>
Package pdftex.def Info: images/do_no_harm.jpg  used on input line 451.
(pdftex.def)             Requested size: 144.0pt x 215.90005pt.

Overfull \hbox (2.328pt too wide) in paragraph at lines 450--452
 []  
 []

<images/circe.jpg, id=145, 108.405pt x 162.6075pt>
File: images/circe.jpg Graphic file (type jpg)
<use images/circe.jpg>
Package pdftex.def Info: images/circe.jpg  used on input line 457.
(pdftex.def)             Requested size: 144.0pt x 216.02705pt.

Overfull \hbox (2.328pt too wide) in paragraph at lines 456--458
 []  
 []


LaTeX Warning: Marginpar on page 15 moved.

[15 <./images/do_no_harm.jpg> <./images/circe.jpg>]
Overfull \hbox (5.85597pt too wide) in paragraph at lines 470--470
|\T1/pplj/m/it/12 The Hid-den Re-al-ity: Par-al-lel Uni-verses and the Deep Law
s of the
 []

<images/hidden_reality.jpg, id=152, 109.1277pt x 168.63pt>
File: images/hidden_reality.jpg Graphic file (type jpg)
<use images/hidden_reality.jpg>
Package pdftex.def Info: images/hidden_reality.jpg  used on input line 472.
(pdftex.def)             Requested size: 144.0pt x 222.52022pt.

Overfull \hbox (2.328pt too wide) in paragraph at lines 471--473
 []  
 []


LaTeX Warning: Marginpar on page 16 moved.

<images/we_have_no_idea.jpg, id=155, 112.5003pt x 168.63pt>
File: images/we_have_no_idea.jpg Graphic file (type jpg)
<use images/we_have_no_idea.jpg>
Package pdftex.def Info: images/we_have_no_idea.jpg  used on input line 487.
(pdftex.def)             Requested size: 144.0pt x 215.84564pt.

Overfull \hbox (2.328pt too wide) in paragraph at lines 486--488
 []  
 []


LaTeX Warning: Marginpar on page 16 moved.

[16 <./images/hidden_reality.jpg> <./images/we_have_no_idea.jpg>]
Overfull \hbox (7.85994pt too wide) in paragraph at lines 500--500
|\T1/pplj/m/it/12 Soonish: Ten Emerg-ing Tech-nolo-gies That'll Im-prove and/or
 Ruin
 []

<images/soonish.jpg, id=162, 129.3633pt x 168.63pt>
File: images/soonish.jpg Graphic file (type jpg)
<use images/soonish.jpg>
Package pdftex.def Info: images/soonish.jpg  used on input line 502.
(pdftex.def)             Requested size: 144.0pt x 187.71413pt.

Overfull \hbox (2.328pt too wide) in paragraph at lines 501--503
 []  
 []


LaTeX Warning: Marginpar on page 17 moved.

<images/count_of_monte_cristo.jpg, id=165, 110.814pt x 168.63pt>
File: images/count_of_monte_cristo.jpg Graphic file (type jpg)
<use images/count_of_monte_cristo.jpg>
Package pdftex.def Info: images/count_of_monte_cristo.jpg  used on input line 5
17.
(pdftex.def)             Requested size: 144.0pt x 219.13147pt.

Overfull \hbox (2.328pt too wide) in paragraph at lines 516--518
 []  
 []


LaTeX Warning: Marginpar on page 17 moved.

[17 <./images/soonish.jpg> <./images/count_of_monte_cristo.jpg>]
<images/brock.jpeg, id=172, 573.14125pt x 650.43pt>
File: images/brock.jpeg Graphic file (type jpg)
<use images/brock.jpeg>
Package pdftex.def Info: images/brock.jpeg  used on input line 532.
(pdftex.def)             Requested size: 144.0pt x 163.42093pt.

Overfull \hbox (2.328pt too wide) in paragraph at lines 531--533
 []  
 []


LaTeX Warning: Marginpar on page 18 moved.


Overfull \hbox (0.432pt too wide) in paragraph at lines 545--545
|\T1/pplj/m/it/12 Lao Tzu: Tao Te Ching --- A Book about the Way and the Power
 []

<images/tao_te_ching.jpg, id=175, 109.1277pt x 168.63pt>
File: images/tao_te_ching.jpg Graphic file (type jpg)
<use images/tao_te_ching.jpg>
Package pdftex.def Info: images/tao_te_ching.jpg  used on input line 547.
(pdftex.def)             Requested size: 144.0pt x 222.52022pt.

Overfull \hbox (2.328pt too wide) in paragraph at lines 546--548
 []  
 []


LaTeX Warning: Marginpar on page 18 moved.

[18 <./images/brock.jpeg> <./images/tao_te_ching.jpg>]
<images/orsinia.jpg, id=182, 105.7551pt x 162.6075pt>
File: images/orsinia.jpg Graphic file (type jpg)
<use images/orsinia.jpg>
Package pdftex.def Info: images/orsinia.jpg  used on input line 562.
(pdftex.def)             Requested size: 144.0pt x 221.42116pt.

Overfull \hbox (2.328pt too wide) in paragraph at lines 561--563
 []  
 []


LaTeX Warning: Marginpar on page 19 moved.

<images/firefall.jpg, id=185, 346.29375pt x 526.96875pt>
File: images/firefall.jpg Graphic file (type jpg)
<use images/firefall.jpg>
Package pdftex.def Info: images/firefall.jpg  used on input line 577.
(pdftex.def)             Requested size: 144.0pt x 219.1302pt.

Overfull \hbox (2.328pt too wide) in paragraph at lines 576--578
 []  
 []


LaTeX Warning: Marginpar on page 19 moved.

[19 <./images/orsinia.jpg> <./images/firefall.jpg>]
<images/pale_fire.jpg, id=193, 109.3686pt x 168.63pt>
File: images/pale_fire.jpg Graphic file (type jpg)
<use images/pale_fire.jpg>
Package pdftex.def Info: images/pale_fire.jpg  used on input line 592.
(pdftex.def)             Requested size: 144.0pt x 222.0442pt.

Overfull \hbox (2.328pt too wide) in paragraph at lines 591--593
 []  
 []


LaTeX Warning: Marginpar on page 20 moved.

<images/packing_for_mars.jpg, id=196, 334.24875pt x 500.87125pt>
File: images/packing_for_mars.jpg Graphic file (type jpg)
<use images/packing_for_mars.jpg>
Package pdftex.def Info: images/packing_for_mars.jpg  used on input line 607.
(pdftex.def)             Requested size: 144.0pt x 215.79077pt.

Overfull \hbox (2.328pt too wide) in paragraph at lines 606--608
 []  
 []


LaTeX Warning: Marginpar on page 20 moved.


Overfull \hbox (8.71198pt too wide) in paragraph at lines 620--620
|\T1/pplj/m/it/12 A Short His-tory of Nearly Ev-ery-thing: Spe-cial Il-lus-trat
ed Edi-tion| 
 []

[20 <./images/pale_fire.jpg> <./images/packing_for_mars.jpg>]
<images/short_history_of_nearly_everything.jpg, id=203, 125.5089pt x 168.63pt>
File: images/short_history_of_nearly_everything.jpg Graphic file (type jpg)
<use images/short_history_of_nearly_everything.jpg>
Package pdftex.def Info: images/short_history_of_nearly_everything.jpg  used on
 input line 632.
(pdftex.def)             Requested size: 144.0pt x 193.48555pt.

Overfull \hbox (2.328pt too wide) in paragraph at lines 631--633
 []  
 []

<images/fermats_enigma.jpg, id=206, 117.5592pt x 168.63pt>
File: images/fermats_enigma.jpg Graphic file (type jpg)
<use images/fermats_enigma.jpg>
Package pdftex.def Info: images/fermats_enigma.jpg  used on input line 638.
(pdftex.def)             Requested size: 144.0pt x 206.57741pt.

Overfull \hbox (2.328pt too wide) in paragraph at lines 637--639
 []  
 []


LaTeX Warning: Marginpar on page 21 moved.

<images/jam.jpg, id=209, 301.125pt x 487.8225pt>
File: images/jam.jpg Graphic file (type jpg)
<use images/jam.jpg>
Package pdftex.def Info: images/jam.jpg  used on input line 653.
(pdftex.def)             Requested size: 144.0pt x 233.28868pt.

Overfull \hbox (2.328pt too wide) in paragraph at lines 652--654
 []  
 []


LaTeX Warning: Marginpar on page 21 moved.

[21 <./images/short_history_of_nearly_everything.jpg> <./images/fermats_enigma.
jpg> <./images/jam.jpg>]
Overfull \hbox (14.772pt too wide) in paragraph at lines 666--666
|\T1/pplj/m/it/12 Earthsea, The First Four Books: A Wiz-ard of Earth-sea * The 
Tombs
 []

<images/earthsea.jpg, id=216, 442.65375pt x 677.53125pt>
File: images/earthsea.jpg Graphic file (type jpg)
<use images/earthsea.jpg>
Package pdftex.def Info: images/earthsea.jpg  used on input line 668.
(pdftex.def)             Requested size: 144.0pt x 220.41214pt.

Overfull \hbox (2.328pt too wide) in paragraph at lines 667--669
 []  
 []


LaTeX Warning: Marginpar on page 22 moved.


Overfull \hbox (7.13995pt too wide) in paragraph at lines 681--681
|\T1/pplj/m/it/12 Machine Learn-ing: The Art and Sci-ence of Al-go-rithms that 
Make
 []

<images/machine_learning.jpg, id=219, 385.44pt x 500.87125pt>
File: images/machine_learning.jpg Graphic file (type jpg)
<use images/machine_learning.jpg>
Package pdftex.def Info: images/machine_learning.jpg  used on input line 683.
(pdftex.def)             Requested size: 144.0pt x 187.12312pt.

Overfull \hbox (2.328pt too wide) in paragraph at lines 682--684
 []  
 []


LaTeX Warning: Marginpar on page 22 moved.

[22 <./images/earthsea.jpg> <./images/machine_learning.jpg>]
Overfull \hbox (15.17996pt too wide) in paragraph at lines 696--696
|\T1/pplj/m/it/12 This Book Is Full of Spi-ders: Se-ri-ously, Dude, Don't Touch
 It (John
 []

<images/this_book_is_full_of_spiders.jpg, id=226, 160.6803pt x 240.9pt>
File: images/this_book_is_full_of_spiders.jpg Graphic file (type jpg)
<use images/this_book_is_full_of_spiders.jpg>
Package pdftex.def Info: images/this_book_is_full_of_spiders.jpg  used on input
 line 698.
(pdftex.def)             Requested size: 144.0pt x 215.90005pt.

Overfull \hbox (2.328pt too wide) in paragraph at lines 697--699
 []  
 []

<images/athenian_murders.jpg, id=229, 104.5506pt x 162.6075pt>
File: images/athenian_murders.jpg Graphic file (type jpg)
<use images/athenian_murders.jpg>
Package pdftex.def Info: images/athenian_murders.jpg  used on input line 713.
(pdftex.def)             Requested size: 144.0pt x 223.96935pt.

Overfull \hbox (2.328pt too wide) in paragraph at lines 712--714
 []  
 []


LaTeX Warning: Marginpar on page 23 moved.

[23 <./images/this_book_is_full_of_spiders.jpg> <./images/athenian_murders.jpg>
]
<images/crying_of_lot_49.jpg, id=236, 401.5pt x 588.1975pt>
File: images/crying_of_lot_49.jpg Graphic file (type jpg)
<use images/crying_of_lot_49.jpg>
Package pdftex.def Info: images/crying_of_lot_49.jpg  used on input line 727.
(pdftex.def)             Requested size: 144.0pt x 210.96112pt.

Overfull \hbox (2.328pt too wide) in paragraph at lines 726--728
 []  
 []

<images/snow_crash.jpg, id=239, 112.5003pt x 168.63pt>
File: images/snow_crash.jpg Graphic file (type jpg)
<use images/snow_crash.jpg>
Package pdftex.def Info: images/snow_crash.jpg  used on input line 742.
(pdftex.def)             Requested size: 144.0pt x 215.84564pt.

Overfull \hbox (2.328pt too wide) in paragraph at lines 741--743
 []  
 []


LaTeX Warning: Marginpar on page 24 moved.

[24 <./images/crying_of_lot_49.jpg> <./images/snow_crash.jpg>]
<images/silk_roads.jpg, id=246, 111.7776pt x 168.63pt>
File: images/silk_roads.jpg Graphic file (type jpg)
<use images/silk_roads.jpg>
Package pdftex.def Info: images/silk_roads.jpg  used on input line 757.
(pdftex.def)             Requested size: 144.0pt x 217.26341pt.

Overfull \hbox (2.328pt too wide) in paragraph at lines 756--758
 []  
 []


LaTeX Warning: Marginpar on page 25 moved.

[25 <./images/silk_roads.jpg>]
<images/righteous_mind.jpg, id=254, 109.3686pt x 168.63pt>
File: images/righteous_mind.jpg Graphic file (type jpg)
<use images/righteous_mind.jpg>
Package pdftex.def Info: images/righteous_mind.jpg  used on input line 782.
(pdftex.def)             Requested size: 144.0pt x 222.0442pt.

Overfull \hbox (2.328pt too wide) in paragraph at lines 781--783
 []  
 []

<images/shikasta.jpg, id=257, 215.3646pt x 337.26pt>
File: images/shikasta.jpg Graphic file (type jpg)
<use images/shikasta.jpg>
Package pdftex.def Info: images/shikasta.jpg  used on input line 788.
(pdftex.def)             Requested size: 144.0pt x 225.505pt.

Overfull \hbox (2.328pt too wide) in paragraph at lines 787--789
 []  
 []


LaTeX Warning: Marginpar on page 26 moved.


Overfull \hbox (4.85995pt too wide) in paragraph at lines 801--801
|\T1/pplj/m/it/12 Bad Days in His-tory: A Glee-fully Grim Chron-i-cle of Mis-fo
r-tune,
 []

<images/bad_days_in_history.jpg, id=260, 107.9232pt x 168.63pt>
File: images/bad_days_in_history.jpg Graphic file (type jpg)
<use images/bad_days_in_history.jpg>
Package pdftex.def Info: images/bad_days_in_history.jpg  used on input line 803
.
(pdftex.def)             Requested size: 144.0pt x 225.00067pt.

Overfull \hbox (2.328pt too wide) in paragraph at lines 802--804
 []  
 []


LaTeX Warning: Marginpar on page 26 moved.

[26 <./images/righteous_mind.jpg> <./images/shikasta.jpg>]
<images/raft.jpg, id=267, 105.996pt x 162.6075pt>
File: images/raft.jpg Graphic file (type jpg)
<use images/raft.jpg>
Package pdftex.def Info: images/raft.jpg  used on input line 818.
(pdftex.def)             Requested size: 144.0pt x 220.93237pt.

Overfull \hbox (2.328pt too wide) in paragraph at lines 817--819
 []  
 []

[27 <./images/bad_days_in_history.jpg> <./images/raft.jpg>]
Overfull \hbox (9.93591pt too wide) in paragraph at lines 830--830
|\T1/pplj/m/it/12 Good Omens: The Nice and Ac-cu-rate Prophe-cies of Agnes Nut-
ter,
 []

<images/good_omens.jpg, id=274, 403.5075pt x 650.43pt>
File: images/good_omens.jpg Graphic file (type jpg)
<use images/good_omens.jpg>
Package pdftex.def Info: images/good_omens.jpg  used on input line 832.
(pdftex.def)             Requested size: 144.0pt x 232.12004pt.

Overfull \hbox (2.328pt too wide) in paragraph at lines 831--833
 []  
 []


LaTeX Warning: Marginpar on page 28 moved.

<images/will_save_galaxy_for_food.jpg, id=277, 301.125pt x 453.695pt>
File: images/will_save_galaxy_for_food.jpg Graphic file (type jpg)
<use images/will_save_galaxy_for_food.jpg>
Package pdftex.def Info: images/will_save_galaxy_for_food.jpg  used on input li
ne 846.
(pdftex.def)             Requested size: 144.0pt x 216.96808pt.

Overfull \hbox (2.328pt too wide) in paragraph at lines 845--847
 []  
 []


LaTeX Warning: Marginpar on page 28 moved.

[28 <./images/good_omens.jpg> <./images/will_save_galaxy_for_food.jpg>]
<images/consider_phlebas.jpg, id=284, 106.2369pt x 162.6075pt>
File: images/consider_phlebas.jpg Graphic file (type jpg)
<use images/consider_phlebas.jpg>
Package pdftex.def Info: images/consider_phlebas.jpg  used on input line 861.
(pdftex.def)             Requested size: 144.0pt x 220.41132pt.

Overfull \hbox (2.328pt too wide) in paragraph at lines 860--862
 []  
 []


LaTeX Warning: Marginpar on page 29 moved.

<images/silmarillion.jpg, id=287, 299.1175pt x 453.695pt>
File: images/silmarillion.jpg Graphic file (type jpg)
<use images/silmarillion.jpg>
Package pdftex.def Info: images/silmarillion.jpg  used on input line 876.
(pdftex.def)             Requested size: 144.0pt x 218.41495pt.

Overfull \hbox (2.328pt too wide) in paragraph at lines 875--877
 []  
 []


LaTeX Warning: Marginpar on page 29 moved.

[29 <./images/consider_phlebas.jpg> <./images/silmarillion.jpg>]
<images/hyperion.jpg, id=294, 112.5003pt x 168.63pt>
File: images/hyperion.jpg Graphic file (type jpg)
<use images/hyperion.jpg>
Package pdftex.def Info: images/hyperion.jpg  used on input line 891.
(pdftex.def)             Requested size: 144.0pt x 215.84564pt.

Overfull \hbox (2.328pt too wide) in paragraph at lines 890--892
 []  
 []


LaTeX Warning: Marginpar on page 30 moved.


Overfull \hbox (1.15198pt too wide) in paragraph at lines 904--904
|\T1/pplj/m/it/12 What the Hell Did I Just Read: A Novel of Cos-mic Hor-ror (Jo
hn
 []

<images/what_the_hell_did_i_just_read.jpg, id=297, 158.2713pt x 240.9pt>
File: images/what_the_hell_did_i_just_read.jpg Graphic file (type jpg)
<use images/what_the_hell_did_i_just_read.jpg>
Package pdftex.def Info: images/what_the_hell_did_i_just_read.jpg  used on inpu
t line 906.
(pdftex.def)             Requested size: 144.0pt x 219.18257pt.

Overfull \hbox (2.328pt too wide) in paragraph at lines 905--907
 []  
 []


LaTeX Warning: Marginpar on page 30 moved.

[30 <./images/hyperion.jpg> <./images/what_the_hell_did_i_just_read.jpg>]
<images/do_androids_dream_of_electric_sheep.jpg, id=304, 112.5003pt x 168.63pt>

File: images/do_androids_dream_of_electric_sheep.jpg Graphic file (type jpg)
<use images/do_androids_dream_of_electric_sheep.jpg>
Package pdftex.def Info: images/do_androids_dream_of_electric_sheep.jpg  used o
n input line 922.
(pdftex.def)             Requested size: 144.0pt x 215.84564pt.

Overfull \hbox (2.328pt too wide) in paragraph at lines 921--923
 []  
 []


LaTeX Warning: Marginpar on page 31 moved.

<images/embassytown.jpg, id=307, 111.0549pt x 168.63pt>
File: images/embassytown.jpg Graphic file (type jpg)
<use images/embassytown.jpg>
Package pdftex.def Info: images/embassytown.jpg  used on input line 937.
(pdftex.def)             Requested size: 144.0pt x 218.66832pt.

Overfull \hbox (2.328pt too wide) in paragraph at lines 936--938
 []  
 []


LaTeX Warning: Marginpar on page 31 moved.

[31 <./images/do_androids_dream_of_electric_sheep.jpg> <./images/embassytown.jp
g>]
<images/illuminatus.jpg, id=315, 113.223pt x 168.63pt>
File: images/illuminatus.jpg Graphic file (type jpg)
<use images/illuminatus.jpg>
Package pdftex.def Info: images/illuminatus.jpg  used on input line 963.
(pdftex.def)             Requested size: 144.0pt x 214.4742pt.

Overfull \hbox (2.328pt too wide) in paragraph at lines 962--964
 []  
 []

[32 <./images/illuminatus.jpg>]
<images/american_gods.jpg, id=322, 431.6125pt x 650.43pt>
File: images/american_gods.jpg Graphic file (type jpg)
<use images/american_gods.jpg>
Package pdftex.def Info: images/american_gods.jpg  used on input line 979.
(pdftex.def)             Requested size: 144.0pt x 217.00465pt.

Overfull \hbox (2.328pt too wide) in paragraph at lines 978--980
 []  
 []

<images/player_of_games.jpg, id=325, 108.405pt x 160.4394pt>
File: images/player_of_games.jpg Graphic file (type jpg)
<use images/player_of_games.jpg>
Package pdftex.def Info: images/player_of_games.jpg  used on input line 985.
(pdftex.def)             Requested size: 144.0pt x 213.1467pt.

Overfull \hbox (2.328pt too wide) in paragraph at lines 984--986
 []  
 []


LaTeX Warning: Marginpar on page 33 moved.

<images/borne.jpg, id=328, 160.6803pt x 240.9pt>
File: images/borne.jpg Graphic file (type jpg)
<use images/borne.jpg>
Package pdftex.def Info: images/borne.jpg  used on input line 1001.
(pdftex.def)             Requested size: 144.0pt x 215.90005pt.

Overfull \hbox (2.328pt too wide) in paragraph at lines 1000--1002
 []  
 []


LaTeX Warning: Marginpar on page 33 moved.

[33 <./images/american_gods.jpg> <./images/player_of_games.jpg>]
Overfull \hbox (4.83597pt too wide) in paragraph at lines 1015--1015
|\T1/pplj/m/it/12 The Mar-riages Be-tween Zones Three, Four and Five (Cano-pus 
in
 []

<images/marriages_between_zones_three.jpg, id=335, 299.1175pt x 455.7025pt>
File: images/marriages_between_zones_three.jpg Graphic file (type jpg)
<use images/marriages_between_zones_three.jpg>
Package pdftex.def Info: images/marriages_between_zones_three.jpg  used on inpu
t line 1017.
(pdftex.def)             Requested size: 144.0pt x 219.38138pt.

Overfull \hbox (2.328pt too wide) in paragraph at lines 1016--1018
 []  
 []

[34 <./images/borne.jpg> <./images/marriages_between_zones_three.jpg>]
<images/ubik.jpg, id=342, 239.9364pt x 361.35pt>
File: images/ubik.jpg Graphic file (type jpg)
<use images/ubik.jpg>
Package pdftex.def Info: images/ubik.jpg  used on input line 1032.
(pdftex.def)             Requested size: 144.0pt x 216.87784pt.

Overfull \hbox (2.328pt too wide) in paragraph at lines 1031--1033
 []  
 []

[35 <./images/ubik.jpg>]
<images/perdido_street_station.jpg, id=349, 227.4096pt x 337.26pt>
File: images/perdido_street_station.jpg Graphic file (type jpg)
<use images/perdido_street_station.jpg>
Package pdftex.def Info: images/perdido_street_station.jpg  used on input line 
1056.
(pdftex.def)             Requested size: 144.0pt x 213.56076pt.

Overfull \hbox (2.328pt too wide) in paragraph at lines 1055--1057
 []  
 []

<images/solaris.jpg, id=352, 337.26pt x 509.5035pt>
File: images/solaris.jpg Graphic file (type jpg)
<use images/solaris.jpg>
Package pdftex.def Info: images/solaris.jpg  used on input line 1062.
(pdftex.def)             Requested size: 144.0pt x 217.5429pt.

Overfull \hbox (2.328pt too wide) in paragraph at lines 1061--1063
 []  
 []


LaTeX Warning: Marginpar on page 36 moved.

<images/norse_mythology.jpg, id=355, 347.2975pt x 500.87125pt>
File: images/norse_mythology.jpg Graphic file (type jpg)
<use images/norse_mythology.jpg>
Package pdftex.def Info: images/norse_mythology.jpg  used on input line 1077.
(pdftex.def)             Requested size: 144.0pt x 207.6819pt.

Overfull \hbox (2.328pt too wide) in paragraph at lines 1076--1078
 []  
 []

[36 <./images/perdido_street_station.jpg> <./images/solaris.jpg>]

LaTeX Warning: Marginpar on page 37 moved.

<images/differently_morphous.jpg, id=362, 301.125pt x 451.6875pt>
File: images/differently_morphous.jpg Graphic file (type jpg)
<use images/differently_morphous.jpg>
Package pdftex.def Info: images/differently_morphous.jpg  used on input line 10
92.
(pdftex.def)             Requested size: 144.0pt x 216.00804pt.

Overfull \hbox (2.328pt too wide) in paragraph at lines 1091--1093
 []  
 []


LaTeX Warning: Marginpar on page 37 moved.

<images/use_of_weapons.jpg, id=365, 18.76321pt x 18.7624pt>
File: images/use_of_weapons.jpg Graphic file (type jpg)
<use images/use_of_weapons.jpg>
Package pdftex.def Info: images/use_of_weapons.jpg  used on input line 1106.
(pdftex.def)             Requested size: 144.0pt x 144.09467pt.

Overfull \hbox (2.328pt too wide) in paragraph at lines 1105--1107
 []  
 []

[37 <./images/norse_mythology.jpg> <./images/differently_morphous.jpg>]

LaTeX Warning: Marginpar on page 38 moved.

<images/going_bovine.jpg, id=373, 109.6095pt x 168.63pt>
File: images/going_bovine.jpg Graphic file (type jpg)
<use images/going_bovine.jpg>
Package pdftex.def Info: images/going_bovine.jpg  used on input line 1121.
(pdftex.def)             Requested size: 144.0pt x 221.56818pt.

Overfull \hbox (2.328pt too wide) in paragraph at lines 1120--1122
 []  
 []


LaTeX Warning: Marginpar on page 38 moved.

<images/bible.jpg, id=376, 462.72874pt x 650.43pt>
File: images/bible.jpg Graphic file (type jpg)
<use images/bible.jpg>
Package pdftex.def Info: images/bible.jpg  used on input line 1136.
(pdftex.def)             Requested size: 144.0pt x 202.41527pt.

Overfull \hbox (2.328pt too wide) in paragraph at lines 1135--1137
 []  
 []


LaTeX Warning: Marginpar on page 38 moved.

[38 <./images/use_of_weapons.jpg> <./images/going_bovine.jpg>]
<images/cloud_atlas.jpg, id=383, 70.3428pt x 108.405pt>
File: images/cloud_atlas.jpg Graphic file (type jpg)
<use images/cloud_atlas.jpg>
Package pdftex.def Info: images/cloud_atlas.jpg  used on input line 1151.
(pdftex.def)             Requested size: 144.0pt x 221.96204pt.

Overfull \hbox (2.328pt too wide) in paragraph at lines 1150--1152
 []  
 []


Overfull \hbox (9.1498pt too wide) in paragraph at lines 1161--1162
\T1/pplj/m/n/10 Amer-i-can no-tary voy-ag-ing from the Chatham Isles to his...A
bruptly, 
 []

[39 <./images/bible.jpg> <./images/cloud_atlas.jpg>]
<images/cost_of_discipleship.jpg, id=390, 63.3567pt x 96.36pt>
File: images/cost_of_discipleship.jpg Graphic file (type jpg)
<use images/cost_of_discipleship.jpg>
Package pdftex.def Info: images/cost_of_discipleship.jpg  used on input line 11
76.
(pdftex.def)             Requested size: 144.0pt x 219.05461pt.

Overfull \hbox (2.328pt too wide) in paragraph at lines 1175--1177
 []  
 []

<images/scar.jpg, id=393, 96.01585pt x 144.54pt>
File: images/scar.jpg Graphic file (type jpg)
<use images/scar.jpg>
Package pdftex.def Info: images/scar.jpg  used on input line 1182.
(pdftex.def)             Requested size: 144.0pt x 216.80943pt.

Overfull \hbox (2.328pt too wide) in paragraph at lines 1181--1183
 []  
 []


LaTeX Warning: Marginpar on page 40 moved.

[40 <./images/cost_of_discipleship.jpg> <./images/scar.jpg>]
<images/sirian_experiments.jpg, id=400, 294.09875pt x 445.665pt>
File: images/sirian_experiments.jpg Graphic file (type jpg)
<use images/sirian_experiments.jpg>
Package pdftex.def Info: images/sirian_experiments.jpg  used on input line 1197
.
(pdftex.def)             Requested size: 144.0pt x 218.21455pt.

Overfull \hbox (2.328pt too wide) in paragraph at lines 1196--1198
 []  
 []

[41 <./images/sirian_experiments.jpg>]
<images/bone_clocks.jpg, id=407, 112.0185pt x 168.63pt>
File: images/bone_clocks.jpg Graphic file (type jpg)
<use images/bone_clocks.jpg>
Package pdftex.def Info: images/bone_clocks.jpg  used on input line 1222.
(pdftex.def)             Requested size: 144.0pt x 216.7771pt.

Overfull \hbox (2.328pt too wide) in paragraph at lines 1221--1223
 []  
 []


Overfull \hbox (11.25598pt too wide) in paragraph at lines 1226--1226
|\T1/pplj/m/it/12 The Mak-ing of the Rep-re-sen-ta-tive for Planet 8 (Cano-pus 
in Ar-gos:
 []

<images/making_of_the_representative_for_planet_8.jpg, id=410, 299.1175pt x 453
.695pt>
File: images/making_of_the_representative_for_planet_8.jpg Graphic file (type j
pg)
<use images/making_of_the_representative_for_planet_8.jpg>
Package pdftex.def Info: images/making_of_the_representative_for_planet_8.jpg  
used on input line 1228.
(pdftex.def)             Requested size: 144.0pt x 218.41495pt.

Overfull \hbox (2.328pt too wide) in paragraph at lines 1227--1229
 []  
 []


LaTeX Warning: Marginpar on page 42 moved.

[42 <./images/bone_clocks.jpg> <./images/making_of_the_representative_for_plane
t_8.jpg>]
<images/ethics.jpg, id=417, 63.3567pt x 96.36pt>
File: images/ethics.jpg Graphic file (type jpg)
<use images/ethics.jpg>
Package pdftex.def Info: images/ethics.jpg  used on input line 1243.
(pdftex.def)             Requested size: 144.0pt x 219.05461pt.

Overfull \hbox (2.328pt too wide) in paragraph at lines 1242--1244
 []  
 []


LaTeX Warning: Marginpar on page 43 moved.

<images/iron_council.jpg, id=420, 111.5367pt x 168.63pt>
File: images/iron_council.jpg Graphic file (type jpg)
<use images/iron_council.jpg>
Package pdftex.def Info: images/iron_council.jpg  used on input line 1258.
(pdftex.def)             Requested size: 144.0pt x 217.71886pt.

Overfull \hbox (2.328pt too wide) in paragraph at lines 1257--1259
 []  
 []


LaTeX Warning: Marginpar on page 43 moved.

[43 <./images/ethics.jpg> <./images/iron_council.jpg>]
<images/grunt.jpg, id=428, 333.245pt x 500.87125pt>
File: images/grunt.jpg Graphic file (type jpg)
<use images/grunt.jpg>
Package pdftex.def Info: images/grunt.jpg  used on input line 1273.
(pdftex.def)             Requested size: 144.0pt x 216.43275pt.

Overfull \hbox (2.328pt too wide) in paragraph at lines 1272--1274
 []  
 []


LaTeX Warning: Marginpar on page 44 moved.

[44 <./images/grunt.jpg>]
<images/big_bang.jpg, id=435, 431.6125pt x 650.43pt>
File: images/big_bang.jpg Graphic file (type jpg)
<use images/big_bang.jpg>
Package pdftex.def Info: images/big_bang.jpg  used on input line 1298.
(pdftex.def)             Requested size: 144.0pt x 217.00465pt.

Overfull \hbox (2.328pt too wide) in paragraph at lines 1297--1299
 []  
 []


Overfull \hbox (11.73595pt too wide) in paragraph at lines 1302--1302
|\T1/pplj/m/it/12 The Sen-ti-men-tal Agents in the Volyen Em-pire (Cano-pus in 
Ar-gos:
 []

<images/sentimental_agents_in_the_volyen_empire.jpg, id=438, 299.1175pt x 454.6
9875pt>
File: images/sentimental_agents_in_the_volyen_empire.jpg Graphic file (type jpg
)
<use images/sentimental_agents_in_the_volyen_empire.jpg>
Package pdftex.def Info: images/sentimental_agents_in_the_volyen_empire.jpg  us
ed on input line 1304.
(pdftex.def)             Requested size: 144.0pt x 218.89816pt.

Overfull \hbox (2.328pt too wide) in paragraph at lines 1303--1305
 []  
 []


LaTeX Warning: Marginpar on page 45 moved.


Package bibentry Warning: You have used \nobibliography* 
(bibentry)                without a following \bibliography.
(bibentry)                You may not be able to run BibTeX.

Package atveryend Info: Empty hook `BeforeClearDocument' on input line 1318.
[45 <./images/big_bang.jpg> <./images/sentimental_agents_in_the_volyen_empire.j
pg>]
Package atveryend Info: Empty hook `AfterLastShipout' on input line 1318.
 (booklist.aux)
Package atveryend Info: Executing hook `AtVeryEndDocument' on input line 1318.
Package atveryend Info: Executing hook `AtEndAfterFileList' on input line 1318.

Package rerunfilecheck Info: File `booklist.out' has not changed.
(rerunfilecheck)             Checksum: D41D8CD98F00B204E9800998ECF8427E;0.
Package atveryend Info: Empty hook `AtVeryVeryEnd' on input line 1318.
 ) 
Here is how much of TeX's memory you used:
 23045 strings out of 492895
 396544 string characters out of 3122801
 484897 words of memory out of 3000000
 26586 multiletter control sequences out of 15000+200000
 563612 words of font info for 64 fonts, out of 3000000 for 9000
 1141 hyphenation exceptions out of 8191
 45i,11n,63p,1917b,583s stack positions out of 5000i,500n,10000p,200000b,50000s
{C:/Users/Matthew/AppData/Local/Programs/MiKTeX 2.9/fonts/enc/dvips/base/8r.e
nc}<C:/Users/Matthew/AppData/Local/Programs/MiKTeX 2.9/fonts/type1/public/fpl/f
plrc8a.pfb><C:/Users/Matthew/AppData/Local/Programs/MiKTeX 2.9/fonts/type1/publ
ic/fpl/fplrij8a.pfb><C:/Users/Matthew/AppData/Local/Programs/MiKTeX 2.9/fonts/t
ype1/urw/palatino/uplb8a.pfb><C:/Users/Matthew/AppData/Local/Programs/MiKTeX 2.
9/fonts/type1/urw/palatino/uplr8a.pfb><C:/Users/Matthew/AppData/Local/Programs/
MiKTeX 2.9/fonts/type1/urw/palatino/uplri8a.pfb>
Output written on booklist.pdf (45 pages, 8353386 bytes).
PDF statistics:
 477 PDF objects out of 1000 (max. 8388607)
 46 named destinations out of 1000 (max. 500000)
 1440 words of extra memory for PDF output out of 10000 (max. 10000000)

